<?xml version="1.0" encoding="UTF-8"?>
<!-- Generated by org.testng.reporters.JUnitReportReporter -->
<testsuite skipped="0" hostname="BDC7-L-5PDPMC2" name="com.qa.testcases.LoginTest" tests="2" failures="0" timestamp="08 Feb 2020 17:14:17 GMT" time="45.244" errors="0">
  <testcase name="login" time="24.971" classname="com.qa.testcases.LoginTest"/>
  <testcase name="verifyPageTitle" time="20.273" classname="com.qa.testcases.LoginTest"/>
</testsuite> <!-- com.qa.testcases.LoginTest -->
