<?xml version="1.0" encoding="UTF-8"?>
<!-- Generated by org.testng.reporters.JUnitReportReporter -->
<testsuite skipped="0" hostname="BDC7-L-5PDPMC2" name="com.qa.testcases.LoginTest" tests="2" failures="0" timestamp="27 Feb 2020 11:23:25 GMT" time="47.919" errors="0">
  <testcase name="login" time="26.274" classname="com.qa.testcases.LoginTest"/>
  <testcase name="verifyPageTitle" time="21.645" classname="com.qa.testcases.LoginTest"/>
</testsuite> <!-- com.qa.testcases.LoginTest -->
