<?xml version="1.0" encoding="UTF-8"?>
<!-- Generated by org.testng.reporters.JUnitReportReporter -->
<testsuite skipped="0" hostname="BDC7-L-5PDPMC2" name="com.qa.testcases.ContactsTest" tests="2" failures="0" timestamp="27 Feb 2020 11:23:25 GMT" time="65.493" errors="0">
  <testcase name="createContacts" time="35.373" classname="com.qa.testcases.ContactsTest"/>
  <testcase name="clickonContacts" time="30.120" classname="com.qa.testcases.ContactsTest"/>
</testsuite> <!-- com.qa.testcases.ContactsTest -->
